c:\users\ttotti\documents\visual studio 2017\projects\winapi\game_2\game_2\debug\vc141.pdb
c:\users\ttotti\documents\visual studio 2017\projects\winapi\game_2\game_2\debug\vc141.idb
c:\users\ttotti\documents\visual studio 2017\projects\winapi\game_2\game_2\debug\png_image.obj
c:\users\ttotti\documents\visual studio 2017\projects\winapi\game_2\game_2\debug\main.obj
c:\users\ttotti\documents\visual studio 2017\projects\winapi\game_2\game_2\debug\layer.obj
c:\users\ttotti\documents\visual studio 2017\projects\winapi\game_2\game_2\debug\gameloop.obj
c:\users\ttotti\documents\visual studio 2017\projects\winapi\game_2\game_2\debug\bitmap.obj
c:\users\ttotti\documents\visual studio 2017\projects\winapi\game_2\game_2\debug\background.obj
c:\users\ttotti\documents\visual studio 2017\projects\winapi\game_2\debug\game_2.exe
c:\users\ttotti\documents\visual studio 2017\projects\winapi\game_2\debug\game_2.ilk
c:\users\ttotti\documents\visual studio 2017\projects\winapi\game_2\debug\game_2.pdb
c:\users\ttotti\documents\visual studio 2017\projects\winapi\game_2\game_2\debug\game_2.res
c:\users\ttotti\documents\visual studio 2017\projects\winapi\game_2\game_2\debug\game_2.tlog\cl.command.1.tlog
c:\users\ttotti\documents\visual studio 2017\projects\winapi\game_2\game_2\debug\game_2.tlog\cl.read.1.tlog
c:\users\ttotti\documents\visual studio 2017\projects\winapi\game_2\game_2\debug\game_2.tlog\cl.write.1.tlog
c:\users\ttotti\documents\visual studio 2017\projects\winapi\game_2\game_2\debug\game_2.tlog\link.command.1.tlog
c:\users\ttotti\documents\visual studio 2017\projects\winapi\game_2\game_2\debug\game_2.tlog\link.read.1.tlog
c:\users\ttotti\documents\visual studio 2017\projects\winapi\game_2\game_2\debug\game_2.tlog\link.write.1.tlog
c:\users\ttotti\documents\visual studio 2017\projects\winapi\game_2\game_2\debug\game_2.tlog\rc.command.1.tlog
c:\users\ttotti\documents\visual studio 2017\projects\winapi\game_2\game_2\debug\game_2.tlog\rc.read.1.tlog
c:\users\ttotti\documents\visual studio 2017\projects\winapi\game_2\game_2\debug\game_2.tlog\rc.write.1.tlog
